<?xml version="1.0" encoding="UTF-8"?>
<testng-results ignored="0" total="2" passed="2" failed="0" skipped="0">
  <reporter-output>
  </reporter-output>
  <suite started-at="2022-12-18T17:19:57 WET" name="Suite" finished-at="2022-12-18T17:20:22 WET" duration-ms="24681">
    <groups>
    </groups>
    <test started-at="2022-12-18T17:19:57 WET" name="Test" finished-at="2022-12-18T17:20:22 WET" duration-ms="24681">
      <class name="com.lambdatest.TestScenario2">
        <test-method is-config="true" signature="setup(java.lang.reflect.Method,org.testng.ITestContext)[pri:0, instance:com.lambdatest.TestScenario2@14d3bc22]" started-at="2022-12-18T17:19:57 WET" name="setup" finished-at="2022-12-18T17:20:09 WET" duration-ms="12055" status="PASS">
          <params>
            <param index="0">
              <value>
                <![CDATA[public void com.lambdatest.TestScenario2.basicTest() throws java.lang.InterruptedException]]>
              </value>
            </param>
            <param index="1">
              <value>
                <![CDATA[org.testng.TestRunner@1725dc0f]]>
              </value>
            </param>
          </params>
          <reporter-output>
          </reporter-output>
        </test-method> <!-- setup -->
        <test-method signature="basicTest()[pri:0, instance:com.lambdatest.TestScenario2@14d3bc22]" started-at="2022-12-18T17:20:09 WET" name="basicTest" finished-at="2022-12-18T17:20:19 WET" duration-ms="9550" status="PASS">
          <reporter-output>
          </reporter-output>
        </test-method> <!-- basicTest -->
        <test-method is-config="true" signature="tearDown()[pri:0, instance:com.lambdatest.TestScenario2@14d3bc22]" started-at="2022-12-18T17:20:19 WET" name="tearDown" finished-at="2022-12-18T17:20:19 WET" duration-ms="383" status="PASS">
          <reporter-output>
          </reporter-output>
        </test-method> <!-- tearDown -->
      </class> <!-- com.lambdatest.TestScenario2 -->
      <class name="com.lambdatest.TestScenario1">
        <test-method is-config="true" signature="setup(java.lang.reflect.Method,org.testng.ITestContext)[pri:0, instance:com.lambdatest.TestScenario1@10db82ae]" started-at="2022-12-18T17:19:57 WET" name="setup" finished-at="2022-12-18T17:20:12 WET" duration-ms="14579" status="PASS">
          <params>
            <param index="0">
              <value>
                <![CDATA[public void com.lambdatest.TestScenario1.basicTest() throws java.lang.InterruptedException]]>
              </value>
            </param>
            <param index="1">
              <value>
                <![CDATA[org.testng.TestRunner@1725dc0f]]>
              </value>
            </param>
          </params>
          <reporter-output>
          </reporter-output>
        </test-method> <!-- setup -->
        <test-method signature="basicTest()[pri:0, instance:com.lambdatest.TestScenario1@10db82ae]" started-at="2022-12-18T17:20:12 WET" name="basicTest" finished-at="2022-12-18T17:20:20 WET" duration-ms="8316" status="PASS">
          <reporter-output>
          </reporter-output>
        </test-method> <!-- basicTest -->
        <test-method is-config="true" signature="tearDown()[pri:0, instance:com.lambdatest.TestScenario1@10db82ae]" started-at="2022-12-18T17:20:20 WET" name="tearDown" finished-at="2022-12-18T17:20:22 WET" duration-ms="1741" status="PASS">
          <reporter-output>
          </reporter-output>
        </test-method> <!-- tearDown -->
      </class> <!-- com.lambdatest.TestScenario1 -->
    </test> <!-- Test -->
  </suite> <!-- Suite -->
</testng-results>
